
> philez@1.0.0 build
> node scripts/generate-nav.mjs && NODE_OPTIONS='--max-old-space-size=49152' NEXT_TELEMETRY_DISABLED=1 next build && npx pagefind --site out && node scripts/generate-sitemap.mjs

Generating navigation structure...

Found 301 ezine folders
11 categorized, 290 uncategorized

✓ Generated pages/_meta.json
✓ Generated pages/ezines-notorious.mdx
✓ Generated pages/ezines-french.mdx
✓ Generated pages/ezines-spanish.mdx
✓ Generated pages/ezines-regional.mdx
✓ Generated pages/ezines-all.mdx

✓ Navigation structure generated!

Sidebar will show:
  - Home
  - NPC Issues
  - Featured Ezines
    - Notorious Classics
    - French Underground
    - Spanish/Latin American
    - Regional Scenes
  - Browse All Ezines
 ⚠ Disabling SWC Minifer will not be an option in the next major version. Please report any issues you may be experiencing to https://github.com/vercel/next.js/issues
  ▲ Next.js 14.2.35

   Linting and checking validity of types ...
   Creating an optimized production build ...

<--- Last few GCs --->

[47328:0xc96800000]   811419 ms: Mark-Compact 48519.9 (49183.6) -> 48504.3 (49184.3) MB, 3451.38 / 0.00 ms  (average mu = 0.942, current mu = 0.093) allocation failure; scavenge might not succeed
[47328:0xc96800000]   814841 ms: Mark-Compact 48520.2 (49184.3) -> 48518.9 (49200.1) MB, 3405.38 / 0.00 ms  (average mu = 0.864, current mu = 0.005) allocation failure; scavenge might not succeed


<--- JS stacktrace --->

FATAL ERROR: Reached heap limit Allocation failed - JavaScript heap out of memory
----- Native stack trace -----

 1: 0x10029be90 node::OOMErrorHandler(char const*, v8::OOMDetails const&) [/Users/max/.nvm/versions/node/v20.19.5/bin/node]
 2: 0x10044ab0c v8::internal::V8::FatalProcessOutOfMemory(v8::internal::Isolate*, char const*, v8::OOMDetails const&) [/Users/max/.nvm/versions/node/v20.19.5/bin/node]
 3: 0x100658960 v8::internal::Heap::GarbageCollectionReasonToString(v8::internal::GarbageCollectionReason) [/Users/max/.nvm/versions/node/v20.19.5/bin/node]
 4: 0x1006572c8 v8::internal::Heap::CollectGarbage(v8::internal::AllocationSpace, v8::internal::GarbageCollectionReason, v8::GCCallbackFlags) [/Users/max/.nvm/versions/node/v20.19.5/bin/node]
 5: 0x10064d164 v8::internal::HeapAllocator::AllocateRawWithLightRetrySlowPath(int, v8::internal::AllocationType, v8::internal::AllocationOrigin, v8::internal::AllocationAlignment) [/Users/max/.nvm/versions/node/v20.19.5/bin/node]
 6: 0x10064d9bc v8::internal::HeapAllocator::AllocateRawWithRetryOrFailSlowPath(int, v8::internal::AllocationType, v8::internal::AllocationOrigin, v8::internal::AllocationAlignment) [/Users/max/.nvm/versions/node/v20.19.5/bin/node]
 7: 0x100631e9c v8::internal::Factory::NewFillerObject(int, v8::internal::AllocationAlignment, v8::internal::AllocationType, v8::internal::AllocationOrigin) [/Users/max/.nvm/versions/node/v20.19.5/bin/node]
 8: 0x100a3efd4 v8::internal::Runtime_AllocateInYoungGeneration(int, unsigned long*, v8::internal::Isolate*) [/Users/max/.nvm/versions/node/v20.19.5/bin/node]
 9: 0x100dd0c44 Builtins_CEntry_Return1_ArgvOnStack_NoBuiltinExit [/Users/max/.nvm/versions/node/v20.19.5/bin/node]
10: 0x100e0fb34 Builtins_CreateRegExpLiteral [/Users/max/.nvm/versions/node/v20.19.5/bin/node]
11: 0x10ae6d5cc 
12: 0x10ae6e024 
13: 0x10ae6e82c 
14: 0x10ae6e614 
15: 0x10ae6e614 
16: 0x10ae6e82c 
17: 0x10ae6e614 
18: 0x10ae6e614 
19: 0x10ae6e82c 
20: 0x10ae6e614 
21: 0x10ae6e614 
22: 0x10ae6e82c 
23: 0x10ae6e614 
24: 0x10ae6e614 
25: 0x10ae6e82c 
26: 0x10ae6e614 
27: 0x10ae6e82c 
28: 0x10ae6e614 
29: 0x10ae6e82c 
30: 0x10ae6e614 
31: 0x10ae6e614 
32: 0x10a92d3a0 
33: 0x10a92d6c4 
34: 0x10af37e94 
35: 0x10a667150 
36: 0x100d7f210 Builtins_AsyncFunctionAwaitResolveClosure [/Users/max/.nvm/versions/node/v20.19.5/bin/node]
37: 0x100e2cfb8 Builtins_PromiseFulfillReactionJob [/Users/max/.nvm/versions/node/v20.19.5/bin/node]
38: 0x100d6eb94 Builtins_RunMicrotasks [/Users/max/.nvm/versions/node/v20.19.5/bin/node]
39: 0x100d463f4 Builtins_JSRunMicrotasksEntry [/Users/max/.nvm/versions/node/v20.19.5/bin/node]
40: 0x1005c33d0 v8::internal::(anonymous namespace)::Invoke(v8::internal::Isolate*, v8::internal::(anonymous namespace)::InvokeParams const&) [/Users/max/.nvm/versions/node/v20.19.5/bin/node]
41: 0x1005c3cfc v8::internal::(anonymous namespace)::InvokeWithTryCatch(v8::internal::Isolate*, v8::internal::(anonymous namespace)::InvokeParams const&) [/Users/max/.nvm/versions/node/v20.19.5/bin/node]
42: 0x1005c3ee8 v8::internal::Execution::TryRunMicrotasks(v8::internal::Isolate*, v8::internal::MicrotaskQueue*) [/Users/max/.nvm/versions/node/v20.19.5/bin/node]
43: 0x1005eebd8 v8::internal::MicrotaskQueue::RunMicrotasks(v8::internal::Isolate*) [/Users/max/.nvm/versions/node/v20.19.5/bin/node]
44: 0x1005ef364 v8::internal::MicrotaskQueue::PerformCheckpoint(v8::Isolate*) [/Users/max/.nvm/versions/node/v20.19.5/bin/node]
45: 0x100d49ef0 Builtins_CallApiCallback [/Users/max/.nvm/versions/node/v20.19.5/bin/node]
46: 0x10a4d2420 
47: 0x100d4650c Builtins_JSEntryTrampoline [/Users/max/.nvm/versions/node/v20.19.5/bin/node]
48: 0x100d461f4 Builtins_JSEntry [/Users/max/.nvm/versions/node/v20.19.5/bin/node]
49: 0x1005c3418 v8::internal::(anonymous namespace)::Invoke(v8::internal::Isolate*, v8::internal::(anonymous namespace)::InvokeParams const&) [/Users/max/.nvm/versions/node/v20.19.5/bin/node]
50: 0x1005c2cac v8::internal::Execution::Call(v8::internal::Isolate*, v8::internal::Handle<v8::internal::Object>, v8::internal::Handle<v8::internal::Object>, int, v8::internal::Handle<v8::internal::Object>*) [/Users/max/.nvm/versions/node/v20.19.5/bin/node]
51: 0x100466b3c v8::Function::Call(v8::Local<v8::Context>, v8::Local<v8::Value>, int, v8::Local<v8::Value>*) [/Users/max/.nvm/versions/node/v20.19.5/bin/node]
52: 0x1001b0d5c node::InternalCallbackScope::Close() [/Users/max/.nvm/versions/node/v20.19.5/bin/node]
53: 0x1001b0fb4 node::InternalMakeCallback(node::Environment*, v8::Local<v8::Object>, v8::Local<v8::Object>, v8::Local<v8::Function>, int, v8::Local<v8::Value>*, node::async_context) [/Users/max/.nvm/versions/node/v20.19.5/bin/node]
54: 0x1001c5470 node::AsyncWrap::MakeCallback(v8::Local<v8::Function>, int, v8::Local<v8::Value>*) [/Users/max/.nvm/versions/node/v20.19.5/bin/node]
55: 0x1002a14f4 node::fs::FSReqCallback::Reject(v8::Local<v8::Value>) [/Users/max/.nvm/versions/node/v20.19.5/bin/node]
56: 0x1002a1d88 node::fs::FSReqAfterScope::Reject(uv_fs_s*) [/Users/max/.nvm/versions/node/v20.19.5/bin/node]
57: 0x1002a2f04 node::fs::AfterStringPtr(uv_fs_s*) [/Users/max/.nvm/versions/node/v20.19.5/bin/node]
58: 0x100294570 node::MakeLibuvRequestCallback<uv_fs_s, void (*)(uv_fs_s*)>::Wrapper(uv_fs_s*) [/Users/max/.nvm/versions/node/v20.19.5/bin/node]
59: 0x100d246cc uv__work_done [/Users/max/.nvm/versions/node/v20.19.5/bin/node]
60: 0x100d280f4 uv__async_io [/Users/max/.nvm/versions/node/v20.19.5/bin/node]
61: 0x100d3ad9c uv__io_poll [/Users/max/.nvm/versions/node/v20.19.5/bin/node]
62: 0x100d2865c uv_run [/Users/max/.nvm/versions/node/v20.19.5/bin/node]
63: 0x1001b17e8 node::SpinEventLoopInternal(node::Environment*) [/Users/max/.nvm/versions/node/v20.19.5/bin/node]
64: 0x1002e0868 node::NodeMainInstance::Run() [/Users/max/.nvm/versions/node/v20.19.5/bin/node]
65: 0x10025d020 node::Start(int, char**) [/Users/max/.nvm/versions/node/v20.19.5/bin/node]
66: 0x1954f9d54 start [/usr/lib/dyld]
sh: line 1: 47328 Abort trap: 6           NODE_OPTIONS='--max-old-space-size=49152' NEXT_TELEMETRY_DISABLED=1 next build
