
> philez@1.0.0 build
> node scripts/generate-nav.mjs && NODE_OPTIONS='--max-old-space-size=57344' NEXT_TELEMETRY_DISABLED=1 next build && npx pagefind --site out && node scripts/generate-sitemap.mjs

Generating navigation structure...

Found 0 ezine folders
11 categorized, -11 uncategorized

✓ Generated pages/_meta.json
✓ Generated pages/ezines-notorious.mdx
✓ Generated pages/ezines-french.mdx
✓ Generated pages/ezines-spanish.mdx
✓ Generated pages/ezines-regional.mdx
✓ Generated pages/ezines-all.mdx

✓ Navigation structure generated!

Sidebar will show:
  - Home
  - Notorious Classics
  - French Underground
  - Spanish/Latin American
  - Regional Scenes
  - Browse All Ezines
 ⚠ Invalid next.config.mjs options detected: 
 ⚠     Unrecognized key(s) in object: 'webpackMemoryOptimizations' at "experimental"
 ⚠ See more info here: https://nextjs.org/docs/messages/invalid-next-config
 ⚠ Disabling SWC Minifer will not be an option in the next major version. Please report any issues you may be experiencing to https://github.com/vercel/next.js/issues
  ▲ Next.js 14.2.35
  - Experiments (use with caution):
    · webpackBuildWorker

   Skipping validation of types
   Skipping linting
   Creating an optimized production build ...
thread '' panicked at /Users/geist/.cargo/registry/src/index.crates.io-6f17d22bba15001f/swc_common-0.33.22/src/input.rs:31:9:
assertion failed: start <= end
note: run with `RUST_BACKTRACE=1` environment variable to display a backtrace
thread '' panicked at /Users/geist/.cargo/registry/src/index.crates.io-6f17d22bba15001f/swc_common-0.33.22/src/source_map.rs:1383:16:
byte index 84404 is not a char boundary; it is inside '═' (bytes 84402..84405) of `import { setupNextraPage } from 'nextra/setup-page'
import __nextra_layout from 'nextra-theme-docs'
import __nextra_themeConfig from '/Users/max/code/philez/theme.config.tsx'

import 'nextra-theme-docs/style.css'
/*@jsxRuntime automatic @jsxImportSource re`[...]
thread '' panicked at /Users/geist/.cargo/registry/src/index.crates.io-6f17d22bba15001f/swc_common-0.33.22/src/input.rs:31:9:
assertion failed: start <= end

<--- Last few GCs --->

[72996:0x82a800000]  1099016 ms: Mark-Compact 57174.7 (57385.6) -> 57172.8 (57377.6) MB, 258.25 / 0.00 ms  (average mu = 0.111, current mu = 0.070) allocation failure; scavenge might not succeed
[72996:0x82a800000]  1099514 ms: Mark-Compact 57188.6 (57377.6) -> 57185.6 (57385.4) MB, 490.58 / 0.00 ms  (average mu = 0.050, current mu = 0.014) allocation failure; scavenge might not succeed


<--- JS stacktrace --->

FATAL ERROR: Ineffective mark-compacts near heap limit Allocation failed - JavaScript heap out of memory
----- Native stack trace -----

 1: 0x10440fe90 node::OOMErrorHandler(char const*, v8::OOMDetails const&) [/Users/max/.nvm/versions/node/v20.19.5/bin/node]
 2: 0x1045beb0c v8::internal::V8::FatalProcessOutOfMemory(v8::internal::Isolate*, char const*, v8::OOMDetails const&) [/Users/max/.nvm/versions/node/v20.19.5/bin/node]
 3: 0x1047cc960 v8::internal::Heap::GarbageCollectionReasonToString(v8::internal::GarbageCollectionReason) [/Users/max/.nvm/versions/node/v20.19.5/bin/node]
 4: 0x1047d045c v8::internal::Heap::CollectGarbageShared(v8::internal::LocalHeap*, v8::internal::GarbageCollectionReason) [/Users/max/.nvm/versions/node/v20.19.5/bin/node]
 5: 0x1047cd2d8 v8::internal::Heap::PerformGarbageCollection(v8::internal::GarbageCollector, v8::internal::GarbageCollectionReason, char const*) [/Users/max/.nvm/versions/node/v20.19.5/bin/node]
 6: 0x1047cae54 v8::internal::Heap::CollectGarbage(v8::internal::AllocationSpace, v8::internal::GarbageCollectionReason, v8::GCCallbackFlags) [/Users/max/.nvm/versions/node/v20.19.5/bin/node]
 7: 0x1047c1164 v8::internal::HeapAllocator::AllocateRawWithLightRetrySlowPath(int, v8::internal::AllocationType, v8::internal::AllocationOrigin, v8::internal::AllocationAlignment) [/Users/max/.nvm/versions/node/v20.19.5/bin/node]
 8: 0x1047c19bc v8::internal::HeapAllocator::AllocateRawWithRetryOrFailSlowPath(int, v8::internal::AllocationType, v8::internal::AllocationOrigin, v8::internal::AllocationAlignment) [/Users/max/.nvm/versions/node/v20.19.5/bin/node]
 9: 0x1047a5e9c v8::internal::Factory::NewFillerObject(int, v8::internal::AllocationAlignment, v8::internal::AllocationType, v8::internal::AllocationOrigin) [/Users/max/.nvm/versions/node/v20.19.5/bin/node]
10: 0x104bb2fd4 v8::internal::Runtime_AllocateInYoungGeneration(int, unsigned long*, v8::internal::Isolate*) [/Users/max/.nvm/versions/node/v20.19.5/bin/node]
11: 0x104f44c44 Builtins_CEntry_Return1_ArgvOnStack_NoBuiltinExit [/Users/max/.nvm/versions/node/v20.19.5/bin/node]
12: 0x10eacc9b8 
13: 0x10ead6058 
14: 0x10ead54f0 
15: 0x10ead26d4 
16: 0x10ead18f8 
17: 0x10ead6134 
18: 0x10ead54f0 
19: 0x10ead26d4 
20: 0x10ead07dc 
21: 0x10eacc4a4 
22: 0x10ead6058 
23: 0x10ead54f0 
24: 0x10ead26d4 
25: 0x10ead18f8 
26: 0x10ead6134 
27: 0x10ead54f0 
28: 0x10ead26d4 
29: 0x10ead07dc 
30: 0x10eacc4a4 
31: 0x10ead6058 
32: 0x10ead54f0 
33: 0x10ead26d4 
34: 0x10ead18f8 
35: 0x10ead6134 
36: 0x10ead54f0 
37: 0x10ead26d4 
38: 0x10ead07dc 
39: 0x10eacc4a4 
40: 0x10ead6058 
41: 0x10ead54f0 
42: 0x10ead26d4 
43: 0x10ead18f8 
44: 0x10ead6134 
45: 0x10ead54f0 
46: 0x10ead26d4 
47: 0x10ead07dc 
48: 0x10eacc4a4 
49: 0x10ead6058 
50: 0x10ead54f0 
51: 0x10ead26d4 
52: 0x10ead07dc 
53: 0x10eacc4a4 
54: 0x10ead6058 
55: 0x10ead54f0 
56: 0x10ead26d4 
57: 0x10e9f94e4 
58: 0x10e9e36e4 
59: 0x10e9e27a0 
60: 0x10e9f9dac 
61: 0x10ea29164 
62: 0x10ea29254 
63: 0x10ea4b3b0 
64: 0x10ea2ba48 
65: 0x10ea3ab68 
66: 0x10ea51234 
67: 0x10ea34b60 
68: 0x10ea3814c 
69: 0x10eea05fc 
70: 0x10eea0744 
71: 0x10e872c14 
72: 0x10ecd5970 
73: 0x10eddd570 
74: 0x104fa0fb8 Builtins_PromiseFulfillReactionJob [/Users/max/.nvm/versions/node/v20.19.5/bin/node]
75: 0x104ee2b94 Builtins_RunMicrotasks [/Users/max/.nvm/versions/node/v20.19.5/bin/node]
76: 0x104eba3f4 Builtins_JSRunMicrotasksEntry [/Users/max/.nvm/versions/node/v20.19.5/bin/node]
77: 0x1047373d0 v8::internal::(anonymous namespace)::Invoke(v8::internal::Isolate*, v8::internal::(anonymous namespace)::InvokeParams const&) [/Users/max/.nvm/versions/node/v20.19.5/bin/node]
78: 0x104737cfc v8::internal::(anonymous namespace)::InvokeWithTryCatch(v8::internal::Isolate*, v8::internal::(anonymous namespace)::InvokeParams const&) [/Users/max/.nvm/versions/node/v20.19.5/bin/node]
79: 0x104737ee8 v8::internal::Execution::TryRunMicrotasks(v8::internal::Isolate*, v8::internal::MicrotaskQueue*) [/Users/max/.nvm/versions/node/v20.19.5/bin/node]
80: 0x104762bd8 v8::internal::MicrotaskQueue::RunMicrotasks(v8::internal::Isolate*) [/Users/max/.nvm/versions/node/v20.19.5/bin/node]
81: 0x104763364 v8::internal::MicrotaskQueue::PerformCheckpoint(v8::Isolate*) [/Users/max/.nvm/versions/node/v20.19.5/bin/node]
82: 0x104324c84 node::InternalCallbackScope::Close() [/Users/max/.nvm/versions/node/v20.19.5/bin/node]
83: 0x104324824 node::CallbackScope::~CallbackScope() [/Users/max/.nvm/versions/node/v20.19.5/bin/node]
84: 0x1043d71c8 (anonymous namespace)::uvimpl::Work::AfterThreadPoolWork(int) [/Users/max/.nvm/versions/node/v20.19.5/bin/node]
85: 0x1043d75e4 node::ThreadPoolWork::ScheduleWork()::'lambda'(uv_work_s*, int)::operator()(uv_work_s*, int) const [/Users/max/.nvm/versions/node/v20.19.5/bin/node]
86: 0x1043d7498 node::ThreadPoolWork::ScheduleWork()::'lambda'(uv_work_s*, int)::__invoke(uv_work_s*, int) [/Users/max/.nvm/versions/node/v20.19.5/bin/node]
87: 0x104e986cc uv__work_done [/Users/max/.nvm/versions/node/v20.19.5/bin/node]
88: 0x104e9c0f4 uv__async_io [/Users/max/.nvm/versions/node/v20.19.5/bin/node]
89: 0x104eaed9c uv__io_poll [/Users/max/.nvm/versions/node/v20.19.5/bin/node]
90: 0x104e9c65c uv_run [/Users/max/.nvm/versions/node/v20.19.5/bin/node]
91: 0x1043257e8 node::SpinEventLoopInternal(node::Environment*) [/Users/max/.nvm/versions/node/v20.19.5/bin/node]
92: 0x104454868 node::NodeMainInstance::Run() [/Users/max/.nvm/versions/node/v20.19.5/bin/node]
93: 0x1043d1020 node::Start(int, char**) [/Users/max/.nvm/versions/node/v20.19.5/bin/node]
94: 0x1954f9d54 start [/usr/lib/dyld]
Next.js build worker exited with code: null and signal: SIGABRT
