<wyze1> DU0D
<wyze1> STOP AZKING GNUMA IF J0O KAN T0UCH HIZ PANIZ!~@$!@!#$
<wyze1> WTF?!#!% HE IZ MYNE!@#$!%
<cyberphreak> BUT HE SAID HE IS *MINE*!
<cyberphreak> i think he is two timing us ?
<wyze1> jez
<wyze1> i gn0, we will play a triq on him
<wyze1> ask him to s1bb0rs3x0r j0o
<wyze1> but quickly run away from your computer...
<wyze1> and push your mom into the keyboard!@!@@!#@!
<wyze1> mAUahahAHahAhaHAhAhA
<cyberphreak> OKAY!
<wyze1> we are so el8
<cyberphreak> <mom> that was one wild intercourse
<wyze1> FEH!
<wyze1> NOW WE WILL HAVE PASSI0NATE CYBERSEX0R
<wyze1> IYAM TAKING OFF YOUR PANTS
<wyze1> IYAM STRUGGLING WITH THE BUTTONS
<wyze1> *STILL STRUGGLING*
* cyberphreak breaks the buttons
<wyze1> I AM PICKING UP THE CHAINSAW
<cyberphreak> TAKE ME NOW
<wyze1> I AM REVVING THE CHAINSAW
<wyze1> I AM PENETRATIONG J0R ANUS WITH IT
<wyze1> IN AND 0UT!!#@$%^
<wyze1> IN AND 0UT!!#@$%^
<wyze1> IN AND 0UT!!#@$%^
<cyberphreak> OOOOHHHHHHHHH
<wyze1> 000000000H DIS IZ G0OD SHIT
<cyberphreak> OOOOOH
<cyberphreak> OOOOOOOOOOOHHHHHHHHHHHHHHH
<cyberphreak> YEEEEEAH
<cyberphreak> YEAH, BABE, YEEEEEEAAAAAAAH, TURN THE CHAINSAW SPEED FAAAAASTER
<cyberphreak> I WANNA SEE MY ANUS RIPPED TO PIECES
<wyze1> RIGHT, N0W THAT J0O ARE L00SE
<wyze1> IYAM STICKING GNUMA UP J0R AZZ
<cyberphreak> CHAIN-ME, HARDER
<wyze1> SHUDDUP
<wyze1> I AM GNUMA-ING J00
<cyberphreak> GET PNEUMA TO FUCK MY EARS
<wyze1> H0KAY
<cyberphreak> I WANNA HEAR THE CHAINSAW AND PNEUMA'S DICK RHYTHMATICLY
PIERCING MY BODY
<wyze1> I GET THE LEFT ARMPIT
* cyberphreak grabs the tweeser
<cyberphreak> NOW BEND OVER
<cyberphreak> I WANNA HEAR YOU SCREAM AS I PLUCK YOUR ASS HAIR
<wyze1> http://www.stl-online.net/thc/med/vd/tcvd064.jpg
<wyze1> JHURK OFF T0 THAT WHILE WE SEX0R
* cyberphreak KICKS WYZE1 IN THE HEAD AND JERKS OFF TO THE GORE
<wyze1> GN0!
* cyberphreak KICK
<wyze1> JUST COZ SHE'Z MORE PRETTY THAN ME DONT MEAN J0O MUST DUMP ME! :(
* cyberphreak KICK, KICK, KICK
<wyze1> GN000000000000!
<cyberphreak> OH SHIT
<cyberphreak> I CAME'D
<cyberphreak> :(
<wyze1> 0H FUQ, GN0W WE CAN'T SEX0R ANY MORE :(
<wyze1> J0O FUQN SUCK! :(
<cyberphreak> :(
<wyze1> KICK KICK KICK
<cyberphreak> IM SORRY, I CANT HELP IT
<wyze1> JEZ, BUT J0O HAVE TO GET IN TUCH /W J0R FEMININE SIDE
<wyze1> AND HAVE MULTUPIL ORG4ZMZ
<cyberphreak> YEEEAH
<cyberphreak> WAIT
<cyberphreak> whats your fone numbeR ?