<?xml version="1.0" encoding="utf-8"?>
<UpgradeLog>
    <Settings>
        <Setting
            Name = "LogFile"
            Value = "Interprete.log"
        />
        <Setting
            Name = "GenerateInterfacesForClasses"
            Value = "0"
        />
        <Setting
            Name = "ProjectName"
            Value = "Interprete"
        />
        <Setting
            Name = "OutputName"
            Value = "Interprete.vbproj"
        />
        <Setting
            Name = "OutputDir"
            Value = "C:\Documents and Settings\RandomLoG\Escritorio\Interprete.net"
        />
        <Setting
            Name = "ProjectPath"
            Value = "C:\Documents and Settings\RandomLoG\Escritorio\Interprete\Interprete.vbp"
        />
        <Setting
            Name = "MigrateProjectTo"
            Value = "WinExe"
        />
    </Settings>
    <File
        OldPath = "C:\Documents and Settings\RandomLoG\Escritorio\Interprete\Form1.frm"
        NewPath = "C:\Documents and Settings\RandomLoG\Escritorio\Interprete.net\Form1.vb"
        FileType = "Form"
        Upgraded = "True"
    >
        <Section Name = "cuadro_d_msg" >
            <Issue
                Type = "Runtime"
                Number = "1037"
            >Couldn't resolve default property of object arg2.</Issue>
            <Issue
                Type = "Runtime"
                Number = "1037"
                PME = "Replace"
            >Couldn't resolve default property of object arg2.</Issue>
            <Issue
                Type = "Runtime"
                Number = "1037"
                PME = "Replace"
            >Couldn't resolve default property of object arg2.</Issue>
            <Issue
                Type = "Runtime"
                Number = "1037"
                PME = "Val"
            >Couldn't resolve default property of object arg2.</Issue>
            <Issue
                Type = "Runtime"
                Number = "1037"
                PME = "Val"
            >Couldn't resolve default property of object arg2.</Issue>
            <Issue
                Type = "Runtime"
                Number = "1037"
            >Couldn't resolve default property of object arg2.</Issue>
            <Issue
                Type = "Runtime"
                Number = "1037"
            >Couldn't resolve default property of object arg2.</Issue>
        </Section>
        <Section Name = "splitea" >
            <Issue
                Type = "Runtime"
                Number = "1037"
            >Couldn't resolve default property of object arg3.</Issue>
            <Issue
                Type = "Runtime"
                Number = "1037"
            >Couldn't resolve default property of object datos.</Issue>
            <Issue
                Type = "Runtime"
                Number = "1037"
            >Couldn't resolve default property of object datos.</Issue>
            <Issue
                Type = "Runtime"
                Number = "1037"
            >Couldn't resolve default property of object a.</Issue>
            <Issue
                Type = "Runtime"
                Number = "1037"
            >Couldn't resolve default property of object arg3(a).</Issue>
        </Section>
        <Section Name = "suma" >
            <Issue
                Type = "Runtime"
                Number = "1037"
                PME = "Val"
            >Couldn't resolve default property of object Arg1.</Issue>
            <Issue
                Type = "Runtime"
                Number = "1037"
                PME = "Val"
            >Couldn't resolve default property of object Arg1.</Issue>
            <Issue
                Type = "Runtime"
                Number = "1037"
                PME = "Val"
            >Couldn't resolve default property of object arg2.</Issue>
            <Issue
                Type = "Runtime"
                Number = "1037"
                PME = "Val"
            >Couldn't resolve default property of object arg2.</Issue>
        </Section>
        <Section Name = "resta" >
            <Issue
                Type = "Runtime"
                Number = "1037"
                PME = "Val"
            >Couldn't resolve default property of object Arg1.</Issue>
            <Issue
                Type = "Runtime"
                Number = "1037"
                PME = "Val"
            >Couldn't resolve default property of object Arg1.</Issue>
            <Issue
                Type = "Runtime"
                Number = "1037"
                PME = "Val"
            >Couldn't resolve default property of object arg2.</Issue>
            <Issue
                Type = "Runtime"
                Number = "1037"
                PME = "Val"
            >Couldn't resolve default property of object arg2.</Issue>
        </Section>
        <Section Name = "divide" >
            <Issue
                Type = "Runtime"
                Number = "1037"
                PME = "Val"
            >Couldn't resolve default property of object Arg1.</Issue>
            <Issue
                Type = "Runtime"
                Number = "1037"
                PME = "Val"
            >Couldn't resolve default property of object Arg1.</Issue>
            <Issue
                Type = "Runtime"
                Number = "1037"
                PME = "Val"
            >Couldn't resolve default property of object arg2.</Issue>
            <Issue
                Type = "Runtime"
                Number = "1037"
                PME = "Val"
            >Couldn't resolve default property of object arg2.</Issue>
            <Issue
                Type = "Runtime"
                Number = "1037"
                PME = "Val"
            >Couldn't resolve default property of object Arg1.</Issue>
            <Issue
                Type = "Runtime"
                Number = "1037"
                PME = "Val"
            >Couldn't resolve default property of object Arg1.</Issue>
            <Issue
                Type = "Runtime"
                Number = "1037"
                PME = "Val"
            >Couldn't resolve default property of object arg2.</Issue>
            <Issue
                Type = "Runtime"
                Number = "1037"
                PME = "Val"
            >Couldn't resolve default property of object arg2.</Issue>
        </Section>
        <Section Name = "multiplica" >
            <Issue
                Type = "Runtime"
                Number = "1037"
                PME = "Val"
            >Couldn't resolve default property of object Arg1.</Issue>
            <Issue
                Type = "Runtime"
                Number = "1037"
                PME = "Val"
            >Couldn't resolve default property of object Arg1.</Issue>
            <Issue
                Type = "Runtime"
                Number = "1037"
                PME = "Val"
            >Couldn't resolve default property of object arg2.</Issue>
            <Issue
                Type = "Runtime"
                Number = "1037"
                PME = "Val"
            >Couldn't resolve default property of object arg2.</Issue>
        </Section>
        <Section Name = "buscar_subcadena" >
            <Issue
                Type = "Runtime"
                Number = "1037"
                PME = "InStr"
            >Couldn't resolve default property of object Arg1.</Issue>
            <Issue
                Type = "Runtime"
                Number = "1037"
                PME = "InStr"
            >Couldn't resolve default property of object Arg1.</Issue>
            <Issue
                Type = "Runtime"
                Number = "1037"
                PME = "InStr"
            >Couldn't resolve default property of object arg2.</Issue>
            <Issue
                Type = "Runtime"
                Number = "1037"
                PME = "InStr"
            >Couldn't resolve default property of object arg2.</Issue>
        </Section>
        <Section Name = "Form_Load" >
            <Issue
                Type = "Runtime"
                Number = "1041"
            >TypeOf has a new behavior.</Issue>
        </Section>
    </File>
</UpgradeLog>

