1-21 - nothing interesting
*22*
34 -no connect.
36 -||-
38 guset not permit
40 -||
41 unix
44 not anonymous perm
54 guest not perm
53 pusto , dira printer:
55 user anon unknow
131 pusto dira port1 (JD)
149 -||
*23*
97 pusto dira printer (ftp server ready)
128 -||
129 JD
141 not for anonymous
150 jd
187 jd
*24*
66 unixserver, not for anon
70 send identity email
90 jd
99 jd
*25*
158 jd
=jd skip=
*26*
85 - PRT1 dira
*27*
52 pusto
84 -pusto
85 -||
135 -no conn
148  pusto
149 identit email
152 not conn
151 prt0
163 -||
164 -||
180  identiti email
*28*
21  pusto
125 no conn
*31*
97 pusto
32.113 login requre
34.76 not anon
35.30 pusto
35.251 not anon
36.6 test/some drivers and my utils =)
36.8 cool arhive!!!VPN !                       1
36.12 3diri putie
36.13 CDROM storeserver !!! anondenided (
36.39 FTP ARHIVE , not big.                     2
36.60 pass missingi pass subcommand
36.61 --||
36.62 -||
36.92 not ermitguest
36.131 FTP COOL ARHIVE				3
36.161 pusto, but his rdius server!
36.162 small ftp arhiive			4
36.197 pusto
36.254 login requred
37.12 no conn
37.135 NAME- ELEWORKINg, butno conn
37.152 no conn
37.151 -||
37.153 sunos, but noconn
37.245 no conn
38.15 anon not permit
38.17 smll FTP ARHIVE 				5
38.19 FTP ARHIVE				6
38.23 not for anon
38.24 -||
38.28 login ftp reject
38.90 -||
38.150 send identity
38.148 big arhive, html 			7
38.153 no anon
38.184 noconn
38.185 send identity
38.247 no anon
39.28 no anon
39.29 -||
39.33 no anon
40.251 o anon
41.16 -||
41.17 -||
41.21 big ftp ARHIVE 				8
41.20 no con
41.23 "connnect refushed, unknow ip adres"
41.29 no anon
41.27 no conn
41.33 pusto
41.50 -||
41.176 printer
41.182 pusto
41.195 no anon
41.251 -||
42.141 no coonn
43.5 no conn
44.50 pusto
44.74 printer
44.10 no anon
44.171 no conn
45.201 pusto
45.220 port1
45.224 no coon
46.32 unix ftp				9
47.210 no anon
49.242 no anon


          ftp guest list

 50.206 -  /empty
 51.128 -  /empty
 51.133 -  /empty
 51.157 -  /empty
 53.173 -  one file 022101.PQI
 55.184 -  one empty directory PORT1
 56.14  -  /empty
 57.52  -  one empty directory PORT1
 57.223 -  /empty
 58.9   -  /empty
 58.10  -  /empty
 58.187 -  /empty
 58.188 -  /empty
 58.189 -  /empty
 58.228 -  /empty
 59.210 -  /empty
 59.249 -  /empty
 60.15  -  /empty
 60.165 -  some *.jpg files , some *.mix files 
 61.31  -  /empty
 61.166 -  three empty directory PORT1,PORT2 and PORT3
 61.167 -  three empty directory PORT1,PORT2 and PORT3
 61.168 -  /empty
 61.169 -  /empty
 62.10  -  /empty (unix maybe?)
 62.25  -  one empty directory PORT1
 62.27  -  one empty directory PORT1
 62.112 -  six files: some *.ppt,some*.pdf,some *.exe
 63.10  -  MPUHL/DATA DISK/All Data Files On D.qic
                /Full BackUp On Programms On C.qic 
 63.34  -  one empty directory PORT1
 63.42  -  one empty directory PORT1
 63.61  -  one empty directory PORT1
 63.84  -  one empty directory PORT1
 63.85  -  one empty directory PORT1
 63.86  -  one empty directory PORT1
 63.87  -  one empty directory PORT1
 63.93  -  one empty directory PORT1
 63.120 -  one empty directory PORT1
 63.121 -  one empty directory PORT1
 63.144 -  one empty directory PORT1
 63.157 -  one empty directory PORT1
 63.164 -  one empty directory PORT1
 63.176 -  one empty directory PORT1
 63.238 -  one empty directory PORT1
 63.240 -  one empty directory PORT1
 63.147 -  one empty directory PORT1
 63.148 -  one empty directory PORT1
 65.137 -  /empty
 65.230 -  /empty
 65.231 -  /empty
 68.14  -  /empty
 68.114 -  /empty
 69.71  -  /empty
 69.83  -  one empty directory PORT1
 69.146 -  some *.mdb , some *.exe , some *.xls
 69.162 -  good. more files 
 69.181 - /empty
 69.230 - /empty
 70.53  - /empty
 70.81  - one empty directory PORT1
 70.183 - some *.tif files in CASHE/7/ directories
 71.10  - /empty
 71.67  - /empty
 71.85  - /empty
 71.179 - /empty
 71.203 - /empty in two directories
 71.204 - wow.more interestin files !
 71.252 - /empty
 76.12  - /empty
 76.31  - one empty directory PORT1
 78.64  - /empty
 78.92  - /empty
 78.133 - /empty
 78.169 - one empty directory PORT1
 78.171 - interesting printer instalation files
 78.177 - three empty directory PORT1,PORT2 and PORT3
 78.204 - /empty
 79.75  - one empty directory PORT1
 82.30  - one *.jpg file in test/ directory
 82.157 - one empty directory PORT1
 82.160 - /empty
 84.213 - interesting printer instalation files
 84.249 - /empty
 84.250 - /empty
 85.51  - one empty directory PORT1
 85.227 - /empty
 85.228 - /empty
 85.232 - /empty
 99.26  - /empty
 101.248 - one empty directory PORT1
 101.250 - one empty directory PORT1
 101.248 - one empty directory PORT1
 103.236 - /empty


 64.1  - conection refused unnown ip address
 64.2  - conection refused unnown ip address 
 64.25 - conection refused unnown ip address 




