[BootStrap]
File1=1,,setup1.ex_,setup1.exe,$(WinPath),,,1/16/1997 0:00:00,164864,5.0.0.3716,"","",""
File2=1,,VB5StKit.dl_,VB5StKit.dll,$(WinSysPath),,$(Shared),1/16/1997 0:00:00,29696,5.0.37.16,"","",""
File3=1,,MSVBVM50.dl_,MSVBVM50.dll,$(WinSysPathSysFile),$(DLLSelfRegister),,5/11/1998 20:01:00,1355776,5.1.43.19,"","",""
File4=1,,StdOle2.tl_,StdOle2.tlb,$(WinSysPathSysFile),$(TLBRegister),,1/15/1997 0:00:00,16896,2.20.4054.1,"","",""
File5=1,,OleAut32.dl_,OleAut32.dll,$(WinSysPathSysFile),$(DLLSelfRegister),,1/15/1997 0:00:00,491792,2.20.4054.1,"","",""
File6=1,,OlePro32.dl_,OlePro32.dll,$(WinSysPathSysFile),$(DLLSelfRegister),,1/15/1997 0:00:00,32528,5.0.4055.1,"","",""
File7=1,,AsycFilt.dl_,AsycFilt.dll,$(WinSysPathSysFile),,,1/15/1997 0:00:00,120592,2.20.4056.1,"","",""
File8=1,,Ctl3d32.dl_,Ctl3d32.dll,$(WinSysPathSysFile),,,8/21/1996 0:00:00,27136,2.31.0.0,"","",""
File9=1,,ComCat.dl_,ComCat.dll,$(WinSysPathSysFile),$(DLLSelfRegister),,10/31/1996 0:00:00,22288,4.71.1441.1,"","",""

[Files]
File1=1,,sndrec32.ex_,sndrec32.exe,$(AppPath),,,5/11/1998 20:01:00,110592,4.10.0.1998,"","",""
File2=1,,RICHTX32.OC_,RICHTX32.OCX,$(WinSysPath),$(DLLSelfRegister),$(Shared),1/16/1997 9:11:30,195856,5.0.37.14,"","",""
File3=1,,RichEd32.dl_,RichEd32.dll,$(WinSysPathSysFile),,,1/13/1997 0:00:00,174352,4.0.993.4,"","",""
File4=1,,COMCT232.OC_,COMCT232.OCX,$(WinSysPath),$(DLLSelfRegister),$(Shared),1/16/1997 9:07:50,157968,5.0.37.14,"","",""
File5=1,,COMCTL32.OC_,COMCTL32.OCX,$(WinSysPath),$(DLLSelfRegister),$(Shared),5/11/1998 20:01:00,604432,5.1.43.19,"","",""
File6=1,,CB4.ex_,CB4.exe,$(AppPath),,,8/16/1998 8:37:14,238080,1.5.0.74,"","CB4Viewer","$(AppPath)\CB4.exe"
File7=1,,CB4.DE_,CB4.DEP,$(AppPath),,,8/16/1998 12:00:44,24561,1.5.0.74,"","",""
File8=1,,viewer.rt_,viewer.rtf,$(AppPath)\articles,,,8/16/1998 8:44:28,2739,,"","",""
File9=1,,codbrk4001.rt_,codbrk4001.rtf,$(AppPath)\articles,,,8/15/1998 22:35:22,5243,,"","",""
File10=1,,codbrk4002.rt_,codbrk4002.rtf,$(AppPath)\articles,,,8/15/1998 22:08:44,5380,,"","",""
File11=1,,Codbrk4101.rt_,Codbrk4101.rtf,$(AppPath)\articles,,,8/8/1998 19:21:50,29140,,"","",""
File12=1,,Codbrk4102.rt_,Codbrk4102.rtf,$(AppPath)\articles,,,8/8/1998 22:33:44,5731,,"","",""
File13=1,,Codbrk4103.rt_,Codbrk4103.rtf,$(AppPath)\articles,,,8/8/1998 15:34:16,8374,,"","",""
File14=1,,Codbrk4104.rt_,Codbrk4104.rtf,$(AppPath)\articles,,,8/8/1998 15:48:38,10145,,"","",""
File15=1,,codbrk4105.rt_,codbrk4105.rtf,$(AppPath)\articles,,,8/8/1998 22:39:34,50913,,"","",""
File16=1,,codbrk4106.rt_,codbrk4106.rtf,$(AppPath)\articles,,,8/8/1998 22:36:56,16167,,"","",""
File17=1,,Codbrk4107.rt_,Codbrk4107.rtf,$(AppPath)\articles,,,9/9/1998 0:40:22,3190,,"","",""
File18=1,,codbrk4108.rt_,codbrk4108.rtf,$(AppPath)\articles,,,8/8/1998 15:51:58,8900,,"","",""
File19=1,,codbrk4109.rt_,codbrk4109.rtf,$(AppPath)\articles,,,8/16/1998 8:11:02,6928,,"","",""
File20=1,,codbrk4110.rt_,codbrk4110.rtf,$(AppPath)\articles,,,8/7/1998 9:12:54,36591,,"","",""
File21=1,,codbrk4111.rt_,codbrk4111.rtf,$(AppPath)\articles,,,8/15/1998 8:05:10,12646,,"","",""
File22=1,,codbrk4112.rt_,codbrk4112.rtf,$(AppPath)\articles,,,8/8/1998 15:29:06,21886,,"","",""
File23=1,,codbrk4113.rt_,codbrk4113.rtf,$(AppPath)\articles,,,8/8/1998 19:42:02,7344,,"","",""
File24=1,,codbrk4114.rt_,codbrk4114.rtf,$(AppPath)\articles,,,8/7/1998 10:24:26,8273,,"","",""
File25=1,,codbrk4115.rt_,codbrk4115.rtf,$(AppPath)\articles,,,8/16/1998 8:05:52,39218,,"","",""
File26=1,,codbrk4116.rt_,codbrk4116.rtf,$(AppPath)\articles,,,8/7/1998 10:38:36,11277,,"","",""
File27=1,,codbrk4117.rt_,codbrk4117.rtf,$(AppPath)\articles,,,8/8/1998 15:30:14,10334,,"","",""
File28=1,,codbrk4118.rt_,codbrk4118.rtf,$(AppPath)\articles,,,8/7/1998 10:41:06,2759,,"","",""
File29=1,,codbrk4119.rt_,codbrk4119.rtf,$(AppPath)\articles,,,8/15/1998 7:55:06,3085,,"","",""
File30=1,,codbrk4201.tx_,codbrk4201.txt,$(AppPath)\articles,,,6/16/1998 3:44:04,73232,,"","",""
File31=1,,codbrk4202.as_,codbrk4202.asm,$(AppPath)\articles,,,6/24/1998 0:48:44,11963,,"","",""
File32=1,,codbrk4203.tx_,codbrk4203.txt,$(AppPath)\articles,,,9/10/1998 3:58:02,2730,,"","",""
File33=1,,codbrk4204.as_,codbrk4204.asm,$(AppPath)\articles,,,6/18/1998 16:09:10,13076,,"","",""
File34=1,,codbrk4205.tx_,codbrk4205.txt,$(AppPath)\articles,,,6/26/1998 14:46:20,8428,,"","",""
File35=1,,codbrk4206.pa_,codbrk4206.pas,$(AppPath)\articles,,,6/20/1998 9:09:34,16302,,"","",""
File36=1,,codbrk4207.as_,codbrk4207.asm,$(AppPath)\articles,,,6/24/1998 20:15:34,12810,,"","",""
File37=1,,codbrk4208.sr_,codbrk4208.src,$(AppPath)\articles,,,8/16/1998 7:48:20,11882,,"","",""
File38=1,,codbrk4209.as_,codbrk4209.asm,$(AppPath)\articles,,,9/9/1998 16:06:52,23357,,"","",""
File39=1,,codbrk4210.as_,codbrk4210.asm,$(AppPath)\articles,,,8/8/1998 19:33:18,35903,,"","",""
File40=1,,codbrk4301.as_,codbrk4301.asm,$(AppPath)\articles,,,5/21/1998 11:09:14,41478,,"","",""
File41=1,,codbrk4302.as_,codbrk4302.asm,$(AppPath)\articles,,,5/24/1998 16:57:50,42069,,"","",""
File42=1,,codbrk4303.as_,codbrk4303.asm,$(AppPath)\articles,,,5/31/1998 2:23:14,43171,,"","",""
File43=1,,codbrk4304.as_,codbrk4304.asm,$(AppPath)\articles,,,6/11/1998 17:16:16,12557,,"","",""
File44=1,,codbrk4305.tx_,codbrk4305.txt,$(AppPath)\articles,,,8/29/1998 15:43:26,10241,,"","",""
File45=1,,codbrk4306._,codbrk4306.c,$(AppPath)\articles,,,8/28/1998 19:11:24,15206,,"","",""
File46=1,,codbrk4307._,codbrk4307.c,$(AppPath)\articles,,,8/28/1998 19:11:32,20315,,"","",""
File47=1,,codbrk4308.as_,codbrk4308.asm,$(AppPath)\articles,,,6/25/1998 18:01:52,28354,,"","",""
File48=1,,codbrk4309.as_,codbrk4309.asm,$(AppPath)\articles,,,8/31/1998 16:07:54,9989,,"","",""
File49=1,,codbrk4310.as_,codbrk4310.asm,$(AppPath)\articles,,,1/26/1997 2:06:02,69136,,"","",""
File50=1,,codbrk4311.cp_,codbrk4311.cpp,$(AppPath)\articles,,,8/2/1998 0:59:38,46781,,"","",""
File51=1,,codbrk4312.cp_,codbrk4312.cpp,$(AppPath)\articles,,,8/2/1998 1:06:06,78499,,"","",""
File52=1,,codbrk4313.cp_,codbrk4313.cpp,$(AppPath)\articles,,,8/2/1998 1:41:52,80314,,"","",""
File53=1,,codbrk4314.cg_,codbrk4314.cgi,$(AppPath)\articles,,,7/30/1998 16:54:00,399,,"","",""
File54=1,,codbrk4315.s_,codbrk4315.sh,$(AppPath)\articles,,,8/27/1998 15:55:34,399,,"","",""
File55=1,,codbrk4316.as_,codbrk4316.asm,$(AppPath)\articles,,,6/30/1998 17:00:34,14412,,"","",""
File56=1,,codbrk4317.sr_,codbrk4317.src,$(AppPath)\articles,,,8/16/1998 8:16:28,4433,,"","",""
File57=1,,codbrk4401.pa_,codbrk4401.pas,$(AppPath)\articles,,,9/4/1998 20:54:08,7496,,"","",""
File58=1,,codbrk4402.as_,codbrk4402.asm,$(AppPath)\articles,,,8/7/1998 9:45:30,2896,,"","",""
File59=1,,codbrk4403.rt_,codbrk4403.rtf,$(AppPath)\articles,,,8/15/1998 21:47:52,3319,,"","",""
File60=1,,codbrk4404.rt_,codbrk4404.rtf,$(AppPath)\articles,,,8/8/1998 19:40:04,5574,,"","",""
File61=1,,codbrk4501.rt_,codbrk4501.rtf,$(AppPath)\articles,,,8/7/1998 11:30:44,5309,,"","",""
File62=1,,codbrk4601.rt_,codbrk4601.rtf,$(AppPath)\articles,,,8/7/1998 14:30:50,12986,,"","",""
File63=1,,codbrk4602.rt_,codbrk4602.rtf,$(AppPath)\articles,,,8/15/1998 22:23:20,15168,,"","",""
File64=1,,codbrk4603.rt_,codbrk4603.rtf,$(AppPath)\articles,,,8/7/1998 13:55:06,3863,,"","",""
File65=1,,CONTENTS.tx_,CONTENTS.txt,$(AppPath)\articles,,,8/15/1998 7:51:22,2583,,"","",""
File66=1,,OPEN.RT_,OPEN.RTF,$(AppPath)\articles,,,8/15/1998 22:05:26,320192,,"","",""
File67=1,,README.tx_,README.txt,$(AppPath)\articles,,,8/7/1998 15:24:12,2216,,"","",""
File68=1,,toc.rt_,toc.rtf,$(AppPath)\articles,,,8/16/1998 7:31:26,4745,,"","",""
File69=1,,vcredit.rt_,vcredit.rtf,$(AppPath)\articles,,,8/16/1998 8:13:12,2291,,"","",""
File70=1,,CLEAR.RT_,CLEAR.RTF,$(AppPath)\articles,,,8/4/1998 12:00:52,1900,,"","",""
File71=1,,5.mi_,5.mid,$(AppPath)\articles\midi,,,8/6/1996 0:00:00,22730,,"","",""
File72=1,,1.mi_,1.mid,$(AppPath)\articles\midi,,,8/7/1998 17:34:44,62540,,"","",""
File73=1,,2.mi_,2.mid,$(AppPath)\articles\midi,,,8/7/1998 18:01:24,125477,,"","",""
File74=1,,3.mi_,3.mid,$(AppPath)\articles\midi,,,8/7/1998 18:02:52,32189,,"","",""
File75=1,,4.mi_,4.mid,$(AppPath)\articles\midi,,,8/7/1998 17:41:44,97043,,"","",""
File76=1,,0.mi_,0.mid,$(AppPath)\articles\midi,,,7/31/1998 0:02:06,67842,,"","",""
File77=1,,RC4.EX_,RC4.EXE,$(AppPath)\articles\Codbrk4util,,,5/28/1998 1:21:46,11312,,"","",""
File78=1,,EXEINFO.EX_,EXEINFO.EXE,$(AppPath)\articles\Codbrk4util,,,5/13/1998 23:53:46,2352,,"","",""
File79=1,,ExeIdent[v1.0].co_,ExeIdent[v1.0].com,$(AppPath)\articles\Codbrk4util,,,8/7/1998 9:39:58,966,,"","",""
File80=1,,index.htm_,index.html,$(AppPath)\articles\brew,,,8/4/1998 21:33:42,736,,"","",""
File81=1,,readme brew.tx_,readme brew.txt,$(AppPath)\articles\brew,,,8/5/1998 13:24:00,736,,"","",""
File82=1,,brew.zi_,brew.zip,$(AppPath)\articles\brew\classes,,,8/4/1998 21:29:18,13504,,"","",""
File83=1,,strangebrew.jp_,strangebrew.jpg,$(AppPath)\articles\brew\doc,,,8/4/1998 13:28:56,13092,,"","",""
File84=1,,chapter1.htm_,chapter1.html,$(AppPath)\articles\brew\doc,,,8/4/1998 20:04:10,48947,,"","",""
File85=1,,chapter2.htm_,chapter2.html,$(AppPath)\articles\brew\doc,,,8/4/1998 20:09:40,8339,,"","",""
File86=1,,chapter3.htm_,chapter3.html,$(AppPath)\articles\brew\doc,,,8/4/1998 16:05:42,32248,,"","",""
File87=1,,chapter4.htm_,chapter4.html,$(AppPath)\articles\brew\doc,,,8/4/1998 20:17:48,13507,,"","",""
File88=1,,chapter5.htm_,chapter5.html,$(AppPath)\articles\brew\doc,,,8/4/1998 21:12:26,32132,,"","",""
File89=1,,chapter6.htm_,chapter6.html,$(AppPath)\articles\brew\doc,,,8/5/1998 11:31:24,12061,,"","",""
File90=1,,epilogue.htm_,epilogue.html,$(AppPath)\articles\brew\doc,,,8/5/1998 11:41:18,2688,,"","",""
File91=1,,landingcamel.jp_,landingcamel.jpg,$(AppPath)\articles\brew\doc,,,4/12/1997 11:33:26,19703,,"","",""
File92=1,,prologue.htm_,prologue.html,$(AppPath)\articles\brew\doc,,,8/5/1998 11:25:34,7757,,"","",""
File93=1,,references.htm_,references.html,$(AppPath)\articles\brew\doc,,,8/5/1998 13:18:20,4727,,"","",""
File94=1,,start.htm_,start.html,$(AppPath)\articles\brew\doc,,,8/5/1998 11:37:52,1741,,"","",""
File95=1,,background.jp_,background.jpg,$(AppPath)\articles\brew\doc,,,8/4/1998 13:28:56,5516,,"","",""
File96=1,,HelloWorld.jav_,HelloWorld.java,$(AppPath)\articles\brew\src\chapter1,,,5/31/1998 22:49:24,132,,"","",""
File97=1,,HelloWorld2.jav_,HelloWorld2.java,$(AppPath)\articles\brew\src\chapter2,,,5/31/1998 22:50:50,181,,"","",""
File98=1,,HelloWorld1.jav_,HelloWorld1.java,$(AppPath)\articles\brew\src\chapter2,,,5/31/1998 22:50:14,177,,"","",""
File99=1,,InsertConst.jav_,InsertConst.java,$(AppPath)\articles\brew\src\chapter3,,,8/4/1998 21:21:00,2867,,"","",""
File100=1,,InsertCode.jav_,InsertCode.java,$(AppPath)\articles\brew\src\chapter3,,,8/4/1998 21:21:34,4215,,"","",""
File101=1,,Insert.jav_,Insert.java,$(AppPath)\articles\brew\src\chapter3,,,8/4/1998 21:22:18,5267,,"","",""
File102=1,,victim.jav_,victim.java,$(AppPath)\articles\brew\src\chapter4,,,6/11/1998 15:58:30,189,,"","",""
File103=1,,host.jav_,host.java,$(AppPath)\articles\brew\src\chapter4,,,8/4/1998 21:22:52,2485,,"","",""
File104=1,,find.jav_,find.java,$(AppPath)\articles\brew\src\chapter4,,,8/4/1998 21:22:34,545,,"","",""
File105=1,,VirusTotal.jav_,VirusTotal.java,$(AppPath)\articles\brew\src\chapter5,,,7/31/1998 13:53:50,6349,,"","",""
File106=1,,VirusConst.jav_,VirusConst.java,$(AppPath)\articles\brew\src\chapter5,,,8/4/1998 21:24:22,5360,,"","",""
File107=1,,VirusInfo.jav_,VirusInfo.java,$(AppPath)\articles\brew\src\chapter5,,,8/4/1998 21:24:30,6017,,"","",""
File108=1,,VirusMethod.jav_,VirusMethod.java,$(AppPath)\articles\brew\src\chapter5,,,8/4/1998 21:26:22,7413,,"","",""
File109=1,,HexDump.jav_,HexDump.java,$(AppPath)\articles\brew\src\chapter5,,,8/4/1998 21:27:10,2432,,"","",""
File110=1,,Virus.jav_,Virus.java,$(AppPath)\articles\brew\src\chapter6,,,8/4/1998 0:24:34,23820,,"","",""
File111=1,,readme ch6.tx_,readme ch6.txt,$(AppPath)\articles\brew\src\chapter6,,,8/5/1998 11:14:38,537,,"","",""

[Setup]
Title=CB4Viewer
DefProgramGroup=CB4Viewer
DefaultDir=$(ProgramFiles)\CB4Viewer
Setup=setup1.exe
AppExe=CB4.exe
AppToUninstall=CB4.exe
AppPath=

; The following lines may be deleted in order to obtain extra 
; space for customizing this file on a full installation diskette.
; 
; XXXXXXXXXXXXXXXXXXXXXXXXXXXXXXXXXXXXXXXXXXXXXXXXXXXXXXXXXXXX
; XXXXXXXXXXXXXXXXXXXXXXXXXXXXXXXXXXXXXXXXXXXXXXXXXXXXXXXXXXXX
; XXXXXXXXXXXXXXXXXXXXXXXXXXXXXXXXXXXXXXXXXXXXXXXXXXXXXXXXXXXX
; XXXXXXXXXXXXXXXXXXXXXXXXXXXXXXXXXXXXXXXXXXXXXXXXXXXXXXXXXXXX
; XXXXXXXXXXXXXXXXXXXXXXXXXXXXXXXXXXXXXXXXXXXXXXXXXXXXXXXXXXXX
; XXXXXXXXXXXXXXXXXXXXXXXXXXXXXXXXXXXXXXXXXXXXXXXXXXXXXXXXXXXX
; XXXXXXXXXXXXXXXXXXXXXXXXXXXXXXXXXXXXXXXXXXXXXXXXXXXXXXXXXXXX
; XXXXXXXXXXXXXXXXXXXXXXXXXXXXXXXXXXXXXXXXXXXXXXXXXXXXXXXXXXXX
; XXXXXXXXXXXXXXXXXXXXXXXXXXXXXXXXXXXXXXXXXXXXXXXXXXXXXXXXXXXX
; XXXXXXXXXXXXXXXXXXXXXXXXXXXXXXXXXXXXXXXXXXXXXXXXXXXXXXXXXXXX
; XXXXXXXXXXXXXXXXXXXXXXXXXXXXXXXXXXXXXXXXXXXXXXXXXXXXXXXXXXXX
; XXXXXXXXXXXXXXXXXXXXXXXXXXXXXXXXXXXXXXXXXXXXXXXXXXXXXXXXXXXX
; XXXXXXXXXXXXXXXXXXXXXXXXXXXXXXXXXXXXXXXXXXXXXXXXXXXXXXXXXXXX
; XXXXXXXXXXXXXXXXXXXXXXXXXXXXXXXXXXXXXXXXXXXXXXXXXXXXXXXXXXXX
; XXXXXXXXXXXXXXXXXXXXXXXXXXXXXXXXXXXXXXXXXXXXXXXXXXXXXXXXXXXX
; XXXXXXXXXXXXXXXXXXXXXXXXXXXXXXXXXXXXXXXXXXXXXXXXXXXXXXXXXXXX
; XXXXXXXXXXXXXXXXXXXXXXXXXXXXXXXXXXXXXXXXXXXXXXXXXXXXXXXXXXXX
; XXXXXXXXXXXXXXXXXXXXXXXXXXXXXXXXXXXXXXXXXXXXXXXXXXXXXXXXXXXX
; XXXXXXXXXXXXXXXXXXXXXXXXXXXXXXXXXXXXXXXXXXXXXXXXXXXXXXXXXXXX
; XXXXXXXXXXXXXXXXXXXXXXXXXXXXXXXXXXXXXXXXXXXXXXXXXXXXXXXXXXXX
; XXXXXXXXXXXXXXXXXXXXXXXXXXXXXXXXXXXXXXXXXXXXXXXXXXXXXXXXXXXX
; XXXXXXXXXXXXXXXXXXXXXXXXXXXXXXXXXXXXXXXXXXXXXXXXXXXXXXXXXXXX
; XXXXXXXXXXXXXXXXXXXXXXXXXXXXXXXXXXXXXXXXXXXXXXXXXXXXXXXXXXXX
; XXXXXXXXXXXXXXXXXXXXXXXXXXXXXXXXXXXXXXXXXXXXXXXXXXXXXXXXXXXX
; XXXXXXXXXXXXXXXXXXXXXXXXXXXXXXXXXXXXXXXXXXXXXXXXXXXXXXXXXXXX
; XXXXXXXXXXXXXXXXXXXXXXXXXXXXXXXXXXXXXXXXXXXXXXXXXXXXXXXXXXXX
; XXXXXXXXXXXXXXXXXXXXXXXXXXXXXXXXXXXXXXXXXXXXXXXXXXXXXXXXXXXX
; XXXXXXXXXXXXXXXXXXXXXXXXXXXXXXXXXXXXXXXXXXXXXXXXXXXXXXXXXXXX
; XXXXXXXXXXXXXXXXXXXXXXXXXXXXXXXXXXXXXXXXXXXXXXXXXXXXXXXXXXXX
; XXXXXXXXXXXXXXXXXXXXXXXXXXXXXXXXXXXXXXXXXXXXXXXXXXXXXXXXXXXX
; XXXXXXXXXXXXXXXXXXXXXXXXXXXXXXXXXXXXXXXXXXXXXXXXXXXXXXXXXXXX
; XXXXXXXXXXXXXXXXXXXXXXXXXXXXXXXXXXXXXXXXXXXXXXXXXXXXXXXXXXXX
; XXXXXXXXXXXXXXXXXXXXXXXXXXXXXXXXXXXXXXXXXXXXXXXXXXXXXXXXXXXX
; XXXXXXXXXXXXXXXXXXXXXXXXXXXXXXXXXXXXXXXXXXXXXXXXXXXXXXXXXXXX
; XXXXXXXXXXXXXXXXXXXXXXXXXXXXXXXXXXXXXXXXXXXXXXXXXXXXXXXXXXXX
; XXXXXXXXXXXXXXXXXXXXXXXXXXXXXXXXXXXXXXXXXXXXXXXXXXXXXXXXXXXX
; XXXXXXXXXXXXXXXXXXXXXXXXXXXXXXXXXXXXXXXXXXXXXXXXXXXXXXXXXXXX
; XXXXXXXXXXXXXXXXXXXXXXXXXXXXXXXXXXXXXXXXXXXXXXXXXXXXXXXXXXXX
; XXXXXXXXXXXXXXXXXXXXXXXXXXXXXXXXXXXXXXXXXXXXXXXXXXXXXXXXXXXX
; XXXXXXXXXXXXXXXXXXXXXXXXXXXXXXXXXXXXXXXXXXXXXXXXXXXXXXXXXXXX
; XXXXXXXXXXXXXXXXXXXXXXXXXXXXXXXXXXXXXXXXXXXXXXXXXXXXXXXXXXXX
; XXXXXXXXXXXXXXXXXXXXXXXXXXXXXXXXXXXXXXXXXXXXXXXXXXXXXXXXXXXX
; XXXXXXXXXXXXXXXXXXXXXXXXXXXXXXXXXXXXXXXXXXXXXXXXXXXXXXXXXXXX
; XXXXXXXXXXXXXXXXXXXXXXXXXXXXXXXXXXXXXXXXXXXXXXXXXXXXXXXXXXXX
; XXXXXXXXXXXXXXXXXXXXXXXXXXXXXXXXXXXXXXXXXXXXXXXXXXXXXXXXXXXX
; XXXXXXXXXXXXXXXXXXXXXXXXXXXXXXXXXXXXXXXXXXXXXXXXXXXXXXXXXXXX
; XXXXXXXXXXXXXXXXXXXXXXXXXXXXXXXXXXXXXXXXXXXXXXXXXXXXXXXXXXXX
; XXXXXXXXXXXXXXXXXXXXXXXXXXXXXXXXXXXXXXXXXXXXXXXXXXXXXXXXXXXX
; XXXXXXXXXXXXXXXXXXXXXXXXXXXXXXXXXXXXXXXXXXXXXXXXXXXXXXXXXXXX
; XXXXXXXXXXXXXXXXXXXXXXXXXXXXXXXXXXXXXXXXXXXXXXXXXXXXXXXXXXXX
; XXXXXXXXXXXXXXXXXXXXXXXXXXXXXXXXXXXXXXXXXXXXXXXXXXXXXXXXXXXX
; XXXXXXXXXXXXXXXXXXXXXXXXXXXXXXXXXXXXXXXXXXXXXXXXXXXXXXXXXXXX
; XXXXXXXXXXXXXXXXXXXXXXXXXXXXXXXXXXXXXXXXXXXXXXXXXXXXXXXXXXXX
; XXXXXXXXXXXXXXXXXXXXXXXXXXXXXXXXXXXXXXXXXXXXXXXXXXXXXXXXXXXX
; XXXXXXXXXXXXXXXXXXXXXXXXXXXXXXXXXXXXXXXXXXXXXXXXXXXXXXXXXXXX
; XXXXXXXXXXXXXXXXXXXXXXXXXXXXXXXXXXXXXXXXXXXXXXXXXXXXXXXXXXXX
; XXXXXXXXXXXXXXXXXXXXXXXXXXXXXXXXXXXXXXXXXXXXXXXXXXXXXXXXXXXX
; XXXXXXXXXXXXXXXXXXXXXXXXXXXXXXXXXXXXXXXXXXXXXXXXXXXXXXXXXXXX
; XXXXXXXXXXXXXXXXXXXXXXXXXXXXXXXXXXXXXXXXXXXXXXXXXXXXXXXXXXXX
; XXXXXXXXXXXXXXXXXXXXXXXXXXXXXXXXXXXXXXXXXXXXXXXXXXXXXXXXXXXX
; XXXXXXXXXXXXXXXXXXXXXXXXXXXXXXXXXXXXXXXXXXXXXXXXXXXXXXXXXXXX
; XXXXXXXXXXXXXXXXXXXXXXXXXXXXXXXXXXXXXXXXXXXXXXXXXXXXXXXXXXXX
; XXXXXXXXXXXXXXXXXXXXXXXXXXXXXXXXXXXXXXXXXXXXXXXXXXXXXXXXXXXX
; XXXXXXXXXXXXXXXXXXXXXXXXXXXXXXXXXXXXXXXXXXXXXXXXXXXXXXXXXXXX
; XXXXXXXXXXXXXXXXXXXXXXXXXXXXXXXXXXXXXXXXXXXXXXXXXXXXXXXXXXXX
; XXXXXXXXXXXXXXXXXXXXXXXXXXXXXXXXXXXXXXXXXXXXXXXXXXXXXXXXXXXX
; XXXXXXXXXXXXXXXXXXXXXXXXXXXXXXXXXXXXXXXXXXXXXXXXXXXXXXXXXXXX
; XXXXXXXXXXXXXXXXXXXXXXXXXXXXXXXXXXXXXXXXXXXXXXXXXXXXXXXXXXXX
; XXXXXXXXXXXXXXXXXXXXXXXXXXXXXXXXXXXXXXXXXXXXXXXXXXXXXXXXXXXX
; XXXXXXXXXXXXXXXXXXXXXXXXXXXXXXXXXXXXXXXXXXXXXXXXXXXXXXXXXXXX
; XXXXXXXXXXXXXXXXXXXXXXXXXXXXXXXXXXXXXXXXXXXXXXXXXXXXXXXXXXXX
; XXXXXXXXXXXXXXXXXXXXXXXXXXXXXXXXXXXXXXXXXXXXXXXXXXXXXXXXXXXX
; XXXXXXXXXXXXXXXXXXXXXXXXXXXXXXXXXXXXXXXXXXXXXXXXXXXXXXXXXXXX
; XXXXXXXXXXXXXXXXXXXXXXXXXXXXXXXXXXXXXXXXXXXXXXXXXXXXXXXXXXXX
; XXXXXXXXXXXXXXXXXXXXXXXXXXXXXXXXXXXXXXXXXXXXXXXXXXXXXXXXXXXX
; XXXXXXXXXXXXXXXXXXXXXXXXXXXXXXXXXXXXXXXXXXXXXXXXXXXXXXXXXXXX
; XXXXXXXXXXXXXXXXXXXXXXXXXXXXXXXXXXXXXXXXXXXXXXXXXXXXXXXXXXXX
; XXXXXXXXXXXXXXXXXXXXXXXXXXXXXXXXXXXXXXXXXXXXXXXXXXXXXXXXXXXX
; XXXXXXXXXXXXXXXXXXXXXXXXXXXXXXXXXXXXXXXXXXXXXXXXXXXXXXXXXXXX
; XXXXXXXXXXXXXXXXXXXXXXXXXXXXXXXXXXXXXXXXXXXXXXXXXXXXXXXXXXXX
; XXXXXXXXXXXXXXXXXXXXXXXXXXXXXXXXXXXXXXXXXXXXXXXXXXXXXXXXXXXX
; XXXXXXXXXXXXXXXXXXXXXXXXXXXXXXXXXXXXXXXXXXXXXXXXXXXXXXXXXXXX
; XXXXXXXXXXXXXXXXXXXXXXXXXXXXXXXXXXXXXXXXXXXXXXXXXXXXXXXXXXXX
; XXXXXXXXXXXXXXXXXXXXXXXXXXXXXXXXXXXXXXXXXXXXXXXXXXXXXXXXXXXX
; XXXXXXXXXXXXXXXXXXXXXXXXXXXXXXXXXXXXXXXXXXXXXXXXXXXXXXXXXXXX
; XXXXXXXXXXXXXXXXXXXXXXXXXXXXXXXXXXXXXXXXXXXXXXXXXXXXXXXXXXXX
