
---[line] Este es un log con ]-[eavy, tiene algunas censuras por la simple
razon de que es un priv, pero lo quese tiene que leer esta todo... lo demas
son cosas offtopic.



<]-[eavy> hola
<]-[eavy> podes hablar?
<line> si aca toy puedo
<]-[eavy> bancame 5 min
<line> ok
<]-[eavy> hola
<]-[eavy> ya estoy podes hablar?
<line> si puedo
<]-[eavy> hola
<line> hola
<]-[eavy> a ver contame que paso en la eko
<line> lo de toda la eko, o alguna parte en especial?
<]-[eavy> me interesa eso de que me fui a brasil jajajjaaja ojala abria ido
<line> xxxxxxxxxx
<line> xxxxxxxxxxxxxxxxxxxxxx
<line> xxxxxxxxxxxxxxxxxxxxxxxxxxxxxxxxxxxxxxxxxxxxxxxxx
<line> xxxxxxxxxxxxxxxxxxxxxxxxxxxxxxxxxxxxxxxxxxxxxx
<line> xxxxxxxxxxxxxxxxxxxxxxxxxxxxxxxxxxxxxxxxxxxxxxxxxxxxxxxxxxxxxxxxxxxxx 
xxxxxxxxxxxxxxxxxxxxxxxxxxxxxxxxxxxxxxxxxxxxx
<line> y sobre vos...puta me gustaria tener el chat con hell aca
<line> para pasartelo pero basicamente lo que me dijo
<line> yo- che hell, se presenta el asshole hoy?
<line> hell- no va a poder ser
<line> yo- porque?
<line> hell- porque tenmos un problema al compilarlo 
<line> hell- al servidor..y el sevidor lo codio heavy, que ahora esta en Brasil....
<line> yo- en  que esta hecho
<line> hell- en delphi 5
<line> hell- pero no se mucho mas, porque yo no hice el  server, yo hice el cliente que si funciona
<line> hell- tiene drama al compilarlo con algunas apis
<line> y eso fue basicamente lo que me dijo...ahora...vos no te fuiste a brasil en ningun momento?
<]-[eavy> no banca que ahora te cuento
<]-[eavy> hola
<]-[eavy> mira la cosa fue asi
<line> escucho
<]-[eavy> este fin de semana no el anterior vino mi novia que es brasilera
<]-[eavy> y bueno
<]-[eavy> 1 ni de pedo la iba a llevar a la eko por que iba a estar lleno de pajeros asi que no daba
<]-[eavy> y segundo anduvo asi enferma asi que menos que menos iba a ir ni siquiera daba para ir yo solo
<]-[eavy> y bueno hell asi en la semana me llamo para ver si podia terminar el trojan nuevo de delphi
<]-[eavy> le dije que ni de pedo por que una de la principales funciones se me colgaba y otras dos cuando quedaba el archivo compilado no se por que mierda no andaban
<line> ajap
<]-[eavy> y bue
<line> o sea.. es un culiado
<]-[eavy> tonces el me dijo
<line> porque se mando un verso de aquellos
<]-[eavy> no daba para presentar el de vb por que necesitaba 
los runtimes de vb5
<]-[eavy> blablabla
<]-[eavy> y si por lo que veo mando cualquiera y al pedo
<]-[eavy> por que no necesitaba mandarse tal verso
<line> o sea, no presento el asshole porque tab echo en VB?\
<]-[eavy> simplemente decir que para correr el server de vb necesitaban 
los runtime vb pero que iba a salir otra version de delphi pero todavia 
no estaba lista
<]-[eavy> supongo que si
<line> que payaso
<line> si antes pensaba qeue ra un pendejo pelotudo este hell, ahora lo confirmo
<line> xxxxxxxxxxxxxxxxxxxxxxxxxxxxxxxxxxxxxxxxxxxx 
<line> xxxxxxxxxxxxxxxxxxxxxxxxxxxxxxxx
<]-[eavy> xxxxxxxxxxxxxxxxxxxxxxxxxxxxxxxxx boludeces
<]-[eavy> es al pedo mentir si tarde o temprano te van a descubrir
<line> ajap
<]-[eavy> che y el resto de la eko?
<line> bxxxxxxxxxxxxxxxxxxxxxxxxxxxxxxxxxxxxxxxxxxxxxxxxxxxxxxxxxxxxxxxxxxxxx
<]-[eavy> hxxxxxxxxxxxxxxxxxxxxxxxxxxxxxxxxxxxxxxxxxxxxx
<line> xxxxxxxxxxxxxxxxxxxxxxxxxxxxxxxx
<]-[eavy> xxxxxxxxx
<line> xi xxxxxxuxxxxxxxxxxx xxx xxxxx
<]-[eavy> xxxx xxx
<line> xxxx xx xxxx xx xxxxxxxxx
<line>xxx xxxx xxxxx xx xxxx xxxxxxx xx xxxxxxx xxxxx xxxxxxxxxx
<line> xx xxxx xxx xxxxxxx xx xxx xxxxxxxxxxxx
<line> xx xx x xxx xxxx xxx xxx xxxx xx xxxxx
<]-[eavy> xxxxxxxxxxxxxxxxxxxx
<]-[eavy> xxxxxxxxxxxxx?
<line> xxxxxxxxxxxxxxxx
<line> xxxxxxxxxxxxxxxxxxxxxxxxxxxxxxxxxxxxx
<]-[eavy> xxxxxxxxxxxxxxxxxxxxxxxxxxxxxxxxxxxxxxxxxx
<line> xxxxx
<line> xxxxxxxxxxxxxxxxxxxxxxxxxxxxxxxxxxxxxxxxxxxxxxxxxxxxx
<]-[eavy> xxxx
<]-[eavy> xxx xxxxxxxxx?
<line> xxx, xxx xxxxxxx
<line> xxxxxxxxxxxxxxxxxxxxxxxxxxxxxxxxxxxxxxxxxx
<line> y pusimos a la venta el review de la ekoparty a 8$
<line> xxxxxx
<]-[eavy> jeje
<line> y un link que te levaba a unos comentarios que habiamos echo con MovAx
<]-[eavy> ahhh eseeeeeeeeeee
<line> y un log del chat que tubimos con hellraiser
<]-[eavy> movax ayer me pregunto eso de si estaba ne brasil
<line> jajajaj, claro, tabamos los dos chatiando con hell cuando nos dijo eso
<]-[eavy> xxxxxxxxx?
<line> xxxx
<line> x xxxxxxxxxxxxxxxxxxxxxxxxxx
<]-[eavy> xxxxxxxxxxxxxxxxxxxxxx
<line> xxxxxxxxxxxxxxxxxxxxxxxxxxxxxxxxxxxxxx
xxxxxxxxxxxxxxxxxxxxxxxxxxxxxxxxxxxxxxxxxxxxxxxxxxxxxxxxxxxxxxxxxxxxxxx
<line> JAJAJAJAJ
<]-[eavy> jajajajjajaa
<]-[eavy> che de donde sos?
<line> xxxxxxxxxxxxxxxx
<]-[eavy> xxxxxxx?????????
<]-[eavy> no te creo
<line> xx xxxaxxxxxxxxxx
<line> xxxxxxxxxxxxxxxxx
<line> porque no?
<]-[eavy> xxxxxxxxxxxxxxx?
<]-[eavy> y que hacias en bsas?
<line> fui a la eko
<]-[eavy> viniste a bs as solo por la eko?
<line> por eso te decia que estaba muerto por el viaje
<]-[eavy> ahhh
<line> xxxxxxxxxxxxxxxxxxxxxxxxxxxxxxxxxxxxxxxxxxxxxxxxxxxxxxxxxxxx
xxxxxxxxxxxxxxxxxxxxxxxxxxx
<]-[eavy> ahh ta
<]-[eavy> jo jo jo mira quien llego
<]-[eavy> x xxxxxxxxxxxxxxxxxxxxxxxxxx?
<line> xxxxxxxxxxxxxxxxxxxx
<line> vxxxxxxxxxxxxxxxxxx
<]-[eavy> xxxxxxxxxxx
<line> xxxxxxxxxxxxxxxxx?
<]-[eavy> ok
<line> xxxxxx
<line> xxxxxxxxxxxxxxxxxx
<line> ta emboladisimo hellraiser
<]-[eavy> y que paso?
<line> ta embolado
<line> por el hack que hicimos
<line> jajajajajja
<line> y porque e sun payaso
<line> ahhh te pido disculpas
<]-[eavy> ta jjajajaja
<line> me dijo que ahbia sido el el que habia mentido
<]-[eavy> viste
<line> sip
<line> xxx
<]-[eavy> xxxxx
<line> bueno heavy, nos vemos uno de estos dias
<line> xxxxxxxxxxxxxx
<line> chau chau
<]-[eavy> chau man suerte
